2024-08-22T15:32:20.449Z error: Invalid employeeNoString, timestamp: 2024-08-22 14:44:17 EventType: out
2024-08-22T15:32:20.592Z error: Invalid employeeNoString, timestamp: 2024-08-08 01:17:17 EventType: in
2024-08-22T15:32:21.478Z error: Invalid employeeNoString, timestamp: 2024-08-22 14:44:17 EventType: out
2024-08-22T15:32:21.609Z error: Invalid employeeNoString, timestamp: 2024-08-08 01:17:17 EventType: in
2024-08-22T15:32:22.490Z error: Invalid employeeNoString, timestamp: 2024-08-22 14:44:17 EventType: out
2024-08-22T15:32:22.626Z error: Invalid employeeNoString, timestamp: 2024-08-08 01:17:17 EventType: in
2024-08-22T15:32:23.510Z error: Invalid employeeNoString, timestamp: 2024-08-22 14:44:17 EventType: out
2024-08-22T15:32:23.636Z error: Invalid employeeNoString, timestamp: 2024-08-08 01:17:17 EventType: in
2024-08-22T15:32:24.530Z error: Invalid employeeNoString, timestamp: 2024-08-22 14:44:17 EventType: out
2024-08-22T15:32:24.650Z error: Invalid employeeNoString, timestamp: 2024-08-08 01:17:17 EventType: in
2024-08-22T15:32:25.549Z error: Invalid employeeNoString, timestamp: 2024-08-22 14:44:17 EventType: out
2024-08-22T15:32:25.667Z error: Invalid employeeNoString, timestamp: 2024-08-08 01:17:17 EventType: in
2024-08-22T15:32:26.569Z error: Invalid employeeNoString, timestamp: 2024-08-22 14:44:17 EventType: out
2024-08-22T15:32:26.676Z error: Invalid employeeNoString, timestamp: 2024-08-08 01:17:17 EventType: in
2024-08-22T15:32:27.589Z error: Invalid employeeNoString, timestamp: 2024-08-22 14:44:17 EventType: out
2024-08-22T15:32:27.697Z error: Invalid employeeNoString, timestamp: 2024-08-08 01:17:17 EventType: in
2024-08-22T15:32:28.609Z error: Invalid employeeNoString, timestamp: 2024-08-22 14:44:17 EventType: out
2024-08-22T15:32:28.716Z error: Invalid employeeNoString, timestamp: 2024-08-08 01:17:17 EventType: in
2024-08-22T15:32:29.632Z error: Invalid employeeNoString, timestamp: 2024-08-22 14:44:17 EventType: out
2024-08-22T15:32:29.729Z error: Invalid employeeNoString, timestamp: 2024-08-08 01:17:17 EventType: in
2024-08-22T15:32:30.650Z error: Invalid employeeNoString, timestamp: 2024-08-22 14:44:17 EventType: out
2024-08-22T15:32:30.746Z error: Invalid employeeNoString, timestamp: 2024-08-08 01:17:17 EventType: in
2024-08-22T15:32:31.669Z error: Invalid employeeNoString, timestamp: 2024-08-22 14:44:17 EventType: out
2024-08-22T15:32:31.766Z error: Invalid employeeNoString, timestamp: 2024-08-08 01:17:17 EventType: in
2024-08-22T15:32:32.696Z error: Invalid employeeNoString, timestamp: 2024-08-22 14:44:17 EventType: out
2024-08-22T15:32:32.776Z error: Invalid employeeNoString, timestamp: 2024-08-08 01:17:17 EventType: in
2024-08-22T15:32:33.710Z error: Invalid employeeNoString, timestamp: 2024-08-22 14:44:17 EventType: out
2024-08-22T15:32:33.786Z error: Invalid employeeNoString, timestamp: 2024-08-08 01:17:17 EventType: in
2024-08-22T15:32:34.739Z error: Invalid employeeNoString, timestamp: 2024-08-22 14:44:17 EventType: out
2024-08-22T15:32:34.815Z error: Invalid employeeNoString, timestamp: 2024-08-08 01:17:17 EventType: in
2024-08-22T15:32:35.757Z error: Invalid employeeNoString, timestamp: 2024-08-22 14:44:17 EventType: out
2024-08-22T15:32:35.826Z error: Invalid employeeNoString, timestamp: 2024-08-08 01:17:17 EventType: in
2024-08-22T15:32:36.769Z error: Invalid employeeNoString, timestamp: 2024-08-22 14:44:17 EventType: out
2024-08-22T15:32:36.836Z error: Invalid employeeNoString, timestamp: 2024-08-08 01:17:17 EventType: in
2024-08-22T15:32:37.790Z error: Invalid employeeNoString, timestamp: 2024-08-22 14:44:17 EventType: out
2024-08-22T15:32:37.857Z error: Invalid employeeNoString, timestamp: 2024-08-08 01:17:17 EventType: in
2024-08-22T15:32:38.811Z error: Invalid employeeNoString, timestamp: 2024-08-22 14:44:17 EventType: out
2024-08-22T15:32:38.867Z error: Invalid employeeNoString, timestamp: 2024-08-08 01:17:17 EventType: in
2024-08-22T15:32:39.830Z error: Invalid employeeNoString, timestamp: 2024-08-22 14:44:17 EventType: out
2024-08-22T15:32:39.891Z error: Invalid employeeNoString, timestamp: 2024-08-08 01:17:17 EventType: in
2024-08-22T15:32:40.850Z error: Invalid employeeNoString, timestamp: 2024-08-22 14:44:17 EventType: out
2024-08-22T15:32:40.915Z error: Invalid employeeNoString, timestamp: 2024-08-08 01:17:17 EventType: in
2024-08-22T15:32:41.871Z error: Invalid employeeNoString, timestamp: 2024-08-22 14:44:17 EventType: out
2024-08-22T15:32:41.933Z error: Invalid employeeNoString, timestamp: 2024-08-08 01:17:17 EventType: in
2024-08-22T15:32:42.890Z error: Invalid employeeNoString, timestamp: 2024-08-22 14:44:17 EventType: out
2024-08-22T15:32:42.946Z error: Invalid employeeNoString, timestamp: 2024-08-08 01:17:17 EventType: in
2024-08-22T15:32:43.910Z error: Invalid employeeNoString, timestamp: 2024-08-22 14:44:17 EventType: out
2024-08-22T15:32:43.956Z error: Invalid employeeNoString, timestamp: 2024-08-08 01:17:17 EventType: in
2024-08-22T15:32:44.929Z error: Invalid employeeNoString, timestamp: 2024-08-22 14:44:17 EventType: out
2024-08-22T15:32:44.971Z error: Invalid employeeNoString, timestamp: 2024-08-08 01:17:17 EventType: in
2024-08-22T15:32:45.948Z error: Invalid employeeNoString, timestamp: 2024-08-22 14:44:17 EventType: out
2024-08-22T15:32:45.986Z error: Invalid employeeNoString, timestamp: 2024-08-08 01:17:17 EventType: in
2024-08-22T15:32:46.971Z error: Invalid employeeNoString, timestamp: 2024-08-22 14:44:17 EventType: out
2024-08-22T15:32:46.997Z error: Invalid employeeNoString, timestamp: 2024-08-08 01:17:17 EventType: in
2024-08-22T15:32:47.998Z error: Invalid employeeNoString, timestamp: 2024-08-22 14:44:17 EventType: out
2024-08-22T15:32:48.015Z error: Invalid employeeNoString, timestamp: 2024-08-08 01:17:17 EventType: in
2024-08-22T15:32:49.029Z error: Invalid employeeNoString, timestamp: 2024-08-22 14:44:17 EventType: out
2024-08-22T15:32:49.037Z error: Invalid employeeNoString, timestamp: 2024-08-08 01:17:17 EventType: in
2024-08-22T15:32:50.051Z error: Invalid employeeNoString, timestamp: 2024-08-08 01:17:17 EventType: in
2024-08-22T15:32:50.052Z error: Invalid employeeNoString, timestamp: 2024-08-22 14:44:17 EventType: out
2024-08-22T15:32:51.069Z error: Invalid employeeNoString, timestamp: 2024-08-08 01:17:17 EventType: in
2024-08-22T15:32:51.070Z error: Invalid employeeNoString, timestamp: 2024-08-22 14:44:17 EventType: out
2024-08-22T15:32:52.091Z error: Invalid employeeNoString, timestamp: 2024-08-08 01:17:17 EventType: in
2024-08-22T15:32:52.092Z error: Invalid employeeNoString, timestamp: 2024-08-22 14:44:17 EventType: out
2024-08-22T15:32:53.109Z error: Invalid employeeNoString, timestamp: 2024-08-08 01:17:17 EventType: in
2024-08-22T15:32:53.110Z error: Invalid employeeNoString, timestamp: 2024-08-22 14:44:17 EventType: out
2024-08-22T15:32:54.130Z error: Invalid employeeNoString, timestamp: 2024-08-22 14:44:17 EventType: out
2024-08-22T15:32:54.135Z error: Invalid employeeNoString, timestamp: 2024-08-08 01:17:17 EventType: in
2024-08-22T15:32:55.151Z error: Invalid employeeNoString, timestamp: 2024-08-08 01:17:17 EventType: in
2024-08-22T15:32:55.157Z error: Invalid employeeNoString, timestamp: 2024-08-22 14:44:17 EventType: out
2024-08-22T15:32:56.171Z error: Invalid employeeNoString, timestamp: 2024-08-22 14:44:17 EventType: out
2024-08-22T15:32:56.171Z error: Invalid employeeNoString, timestamp: 2024-08-08 01:17:17 EventType: in
2024-08-22T15:32:57.188Z error: Invalid employeeNoString, timestamp: 2024-08-08 01:17:17 EventType: in
2024-08-22T15:32:57.189Z error: Invalid employeeNoString, timestamp: 2024-08-22 14:44:17 EventType: out
2024-08-22T15:32:58.198Z error: Invalid employeeNoString, timestamp: 2024-08-22 14:44:17 EventType: out
2024-08-22T15:32:58.212Z error: Invalid employeeNoString, timestamp: 2024-08-08 01:17:17 EventType: in
2024-08-22T15:32:59.218Z error: Invalid employeeNoString, timestamp: 2024-08-22 14:44:17 EventType: out
2024-08-22T15:32:59.228Z error: Invalid employeeNoString, timestamp: 2024-08-08 01:17:17 EventType: in
2024-08-22T15:33:00.228Z error: Invalid employeeNoString, timestamp: 2024-08-22 14:44:17 EventType: out
2024-08-22T15:33:00.239Z error: Invalid employeeNoString, timestamp: 2024-08-08 01:17:17 EventType: in
2024-08-22T15:33:01.238Z error: Invalid employeeNoString, timestamp: 2024-08-22 14:44:17 EventType: out
2024-08-22T15:33:01.250Z error: Invalid employeeNoString, timestamp: 2024-08-08 01:17:17 EventType: in
2024-08-22T15:33:02.258Z error: Invalid employeeNoString, timestamp: 2024-08-22 14:44:17 EventType: out
2024-08-22T15:33:02.267Z error: Invalid employeeNoString, timestamp: 2024-08-08 01:17:17 EventType: in
2024-08-22T15:33:03.267Z error: Invalid employeeNoString, timestamp: 2024-08-22 14:44:17 EventType: out
2024-08-22T15:33:03.279Z error: Invalid employeeNoString, timestamp: 2024-08-08 01:17:17 EventType: in
2024-08-22T15:33:04.279Z error: Invalid employeeNoString, timestamp: 2024-08-22 14:44:17 EventType: out
2024-08-22T15:33:04.289Z error: Invalid employeeNoString, timestamp: 2024-08-08 01:17:17 EventType: in
2024-08-22T15:33:05.298Z error: Invalid employeeNoString, timestamp: 2024-08-22 14:44:17 EventType: out
2024-08-22T15:33:05.308Z error: Invalid employeeNoString, timestamp: 2024-08-08 01:17:17 EventType: in
2024-08-22T15:33:06.308Z error: Invalid employeeNoString, timestamp: 2024-08-22 14:44:17 EventType: out
2024-08-22T15:33:06.319Z error: Invalid employeeNoString, timestamp: 2024-08-08 01:17:17 EventType: in
2024-08-22T15:33:07.318Z error: Invalid employeeNoString, timestamp: 2024-08-22 14:44:17 EventType: out
2024-08-22T15:33:07.341Z error: Invalid employeeNoString, timestamp: 2024-08-08 01:17:17 EventType: in
2024-08-22T15:33:08.338Z error: Invalid employeeNoString, timestamp: 2024-08-22 14:44:17 EventType: out
2024-08-22T15:33:08.365Z error: Invalid employeeNoString, timestamp: 2024-08-08 01:17:17 EventType: in
2024-08-22T15:33:09.348Z error: Invalid employeeNoString, timestamp: 2024-08-22 14:44:17 EventType: out
2024-08-22T15:33:09.440Z error: Invalid employeeNoString, timestamp: 2024-08-08 01:17:17 EventType: in
2024-08-22T15:33:10.359Z error: Invalid employeeNoString, timestamp: 2024-08-22 14:44:17 EventType: out
2024-08-22T15:33:10.458Z error: Invalid employeeNoString, timestamp: 2024-08-08 01:17:17 EventType: in
2024-08-22T15:33:11.378Z error: Invalid employeeNoString, timestamp: 2024-08-22 14:44:17 EventType: out
2024-08-22T15:33:11.469Z error: Invalid employeeNoString, timestamp: 2024-08-08 01:17:17 EventType: in
2024-08-22T15:33:12.388Z error: Invalid employeeNoString, timestamp: 2024-08-22 14:44:17 EventType: out
2024-08-22T15:33:12.480Z error: Invalid employeeNoString, timestamp: 2024-08-08 01:17:17 EventType: in
2024-08-22T15:33:13.405Z error: Invalid employeeNoString, timestamp: 2024-08-22 14:44:17 EventType: out
2024-08-22T15:33:13.507Z error: Invalid employeeNoString, timestamp: 2024-08-08 01:17:17 EventType: in
2024-08-22T15:33:14.419Z error: Invalid employeeNoString, timestamp: 2024-08-22 14:44:17 EventType: out
2024-08-22T15:33:14.521Z error: Invalid employeeNoString, timestamp: 2024-08-08 01:17:17 EventType: in
2024-08-22T15:33:15.428Z error: Invalid employeeNoString, timestamp: 2024-08-22 14:44:17 EventType: out
2024-08-22T15:33:15.538Z error: Invalid employeeNoString, timestamp: 2024-08-08 01:17:17 EventType: in
2024-08-22T15:33:16.439Z error: Invalid employeeNoString, timestamp: 2024-08-22 14:44:17 EventType: out
2024-08-22T15:33:16.549Z error: Invalid employeeNoString, timestamp: 2024-08-08 01:17:17 EventType: in
2024-08-22T15:33:17.451Z error: Invalid employeeNoString, timestamp: 2024-08-22 14:44:17 EventType: out
2024-08-22T15:33:17.559Z error: Invalid employeeNoString, timestamp: 2024-08-08 01:17:17 EventType: in
2024-08-22T15:33:18.468Z error: Invalid employeeNoString, timestamp: 2024-08-22 14:44:17 EventType: out
2024-08-22T15:33:18.586Z error: Invalid employeeNoString, timestamp: 2024-08-08 01:17:17 EventType: in
2024-08-22T15:33:19.480Z error: Invalid employeeNoString, timestamp: 2024-08-22 14:44:17 EventType: out
2024-08-22T15:33:19.600Z error: Invalid employeeNoString, timestamp: 2024-08-08 01:17:17 EventType: in
2024-08-22T15:33:20.499Z error: Invalid employeeNoString, timestamp: 2024-08-22 14:44:17 EventType: out
2024-08-22T15:33:20.620Z error: Invalid employeeNoString, timestamp: 2024-08-08 01:17:17 EventType: in
2024-08-22T15:33:21.509Z error: Invalid employeeNoString, timestamp: 2024-08-22 14:44:17 EventType: out
2024-08-22T15:33:21.628Z error: Invalid employeeNoString, timestamp: 2024-08-08 01:17:17 EventType: in
2024-08-22T15:33:22.520Z error: Invalid employeeNoString, timestamp: 2024-08-22 14:44:17 EventType: out
2024-08-22T15:33:22.643Z error: Invalid employeeNoString, timestamp: 2024-08-08 01:17:17 EventType: in
2024-08-22T15:33:23.533Z error: Invalid employeeNoString, timestamp: 2024-08-22 14:44:17 EventType: out
2024-08-22T15:33:23.659Z error: Invalid employeeNoString, timestamp: 2024-08-08 01:17:17 EventType: in
2024-08-22T15:33:24.549Z error: Invalid employeeNoString, timestamp: 2024-08-22 14:44:17 EventType: out
2024-08-22T15:33:24.669Z error: Invalid employeeNoString, timestamp: 2024-08-08 01:17:17 EventType: in
2024-08-22T15:33:25.561Z error: Invalid employeeNoString, timestamp: 2024-08-22 14:44:17 EventType: out
2024-08-22T15:33:25.683Z error: Invalid employeeNoString, timestamp: 2024-08-08 01:17:17 EventType: in
2024-08-22T15:33:26.579Z error: Invalid employeeNoString, timestamp: 2024-08-22 14:44:17 EventType: out
2024-08-22T15:33:26.701Z error: Invalid employeeNoString, timestamp: 2024-08-08 01:17:17 EventType: in
2024-08-22T15:33:27.589Z error: Invalid employeeNoString, timestamp: 2024-08-22 14:44:17 EventType: out
2024-08-22T15:33:27.722Z error: Invalid employeeNoString, timestamp: 2024-08-08 01:17:17 EventType: in
2024-08-22T15:33:28.607Z error: Invalid employeeNoString, timestamp: 2024-08-22 14:44:17 EventType: out
2024-08-22T15:33:28.740Z error: Invalid employeeNoString, timestamp: 2024-08-08 01:17:17 EventType: in
2024-08-22T15:33:29.620Z error: Invalid employeeNoString, timestamp: 2024-08-22 14:44:17 EventType: out
2024-08-22T15:33:29.749Z error: Invalid employeeNoString, timestamp: 2024-08-08 01:17:17 EventType: in
2024-08-22T15:33:30.632Z error: Invalid employeeNoString, timestamp: 2024-08-22 14:44:17 EventType: out
2024-08-22T15:33:30.761Z error: Invalid employeeNoString, timestamp: 2024-08-08 01:17:17 EventType: in
2024-08-22T15:33:31.654Z error: Invalid employeeNoString, timestamp: 2024-08-22 14:44:17 EventType: out
2024-08-22T15:33:31.788Z error: Invalid employeeNoString, timestamp: 2024-08-08 01:17:17 EventType: in
2024-08-22T15:33:32.670Z error: Invalid employeeNoString, timestamp: 2024-08-22 14:44:17 EventType: out
2024-08-22T15:33:32.801Z error: Invalid employeeNoString, timestamp: 2024-08-08 01:17:17 EventType: in
2024-08-22T15:33:33.696Z error: Invalid employeeNoString, timestamp: 2024-08-22 14:44:17 EventType: out
2024-08-22T15:33:33.821Z error: Invalid employeeNoString, timestamp: 2024-08-08 01:17:17 EventType: in
2024-08-22T15:33:34.710Z error: Invalid employeeNoString, timestamp: 2024-08-22 14:44:17 EventType: out
2024-08-22T15:33:34.841Z error: Invalid employeeNoString, timestamp: 2024-08-08 01:17:17 EventType: in
2024-08-22T15:33:35.732Z error: Invalid employeeNoString, timestamp: 2024-08-22 14:44:17 EventType: out
2024-08-22T15:33:35.860Z error: Invalid employeeNoString, timestamp: 2024-08-08 01:17:17 EventType: in
2024-08-22T15:33:36.753Z error: Invalid employeeNoString, timestamp: 2024-08-22 14:44:17 EventType: out
2024-08-22T15:33:36.869Z error: Invalid employeeNoString, timestamp: 2024-08-08 01:17:17 EventType: in
2024-08-22T15:33:37.773Z error: Invalid employeeNoString, timestamp: 2024-08-22 14:44:17 EventType: out
2024-08-22T15:33:37.878Z error: Invalid employeeNoString, timestamp: 2024-08-08 01:17:17 EventType: in
2024-08-22T15:33:38.789Z error: Invalid employeeNoString, timestamp: 2024-08-22 14:44:17 EventType: out
2024-08-22T15:33:38.888Z error: Invalid employeeNoString, timestamp: 2024-08-08 01:17:17 EventType: in
2024-08-22T15:33:39.800Z error: Invalid employeeNoString, timestamp: 2024-08-22 14:44:17 EventType: out
2024-08-22T15:33:39.909Z error: Invalid employeeNoString, timestamp: 2024-08-08 01:17:17 EventType: in
2024-08-22T15:33:40.813Z error: Invalid employeeNoString, timestamp: 2024-08-22 14:44:17 EventType: out
2024-08-22T15:33:40.919Z error: Invalid employeeNoString, timestamp: 2024-08-08 01:17:17 EventType: in
2024-08-22T15:33:41.829Z error: Invalid employeeNoString, timestamp: 2024-08-22 14:44:17 EventType: out
2024-08-22T15:33:41.929Z error: Invalid employeeNoString, timestamp: 2024-08-08 01:17:17 EventType: in
2024-08-22T15:33:42.841Z error: Invalid employeeNoString, timestamp: 2024-08-22 14:44:17 EventType: out
2024-08-22T15:33:42.949Z error: Invalid employeeNoString, timestamp: 2024-08-08 01:17:17 EventType: in
2024-08-22T15:33:43.853Z error: Invalid employeeNoString, timestamp: 2024-08-22 14:44:17 EventType: out
2024-08-22T15:33:43.959Z error: Invalid employeeNoString, timestamp: 2024-08-08 01:17:17 EventType: in
2024-08-22T15:33:44.869Z error: Invalid employeeNoString, timestamp: 2024-08-22 14:44:17 EventType: out
2024-08-22T15:33:44.969Z error: Invalid employeeNoString, timestamp: 2024-08-08 01:17:17 EventType: in
2024-08-22T15:33:45.891Z error: Invalid employeeNoString, timestamp: 2024-08-22 14:44:17 EventType: out
2024-08-22T15:33:45.989Z error: Invalid employeeNoString, timestamp: 2024-08-08 01:17:17 EventType: in
2024-08-22T15:33:46.909Z error: Invalid employeeNoString, timestamp: 2024-08-22 14:44:17 EventType: out
2024-08-22T15:33:46.999Z error: Invalid employeeNoString, timestamp: 2024-08-08 01:17:17 EventType: in
2024-08-22T15:33:47.921Z error: Invalid employeeNoString, timestamp: 2024-08-22 14:44:17 EventType: out
2024-08-22T15:33:48.008Z error: Invalid employeeNoString, timestamp: 2024-08-08 01:17:17 EventType: in
2024-08-22T15:33:48.932Z error: Invalid employeeNoString, timestamp: 2024-08-22 14:44:17 EventType: out
2024-08-22T15:33:49.029Z error: Invalid employeeNoString, timestamp: 2024-08-08 01:17:17 EventType: in
2024-08-22T15:33:49.950Z error: Invalid employeeNoString, timestamp: 2024-08-22 14:44:17 EventType: out
2024-08-22T15:33:50.039Z error: Invalid employeeNoString, timestamp: 2024-08-08 01:17:17 EventType: in
2024-08-22T15:33:50.961Z error: Invalid employeeNoString, timestamp: 2024-08-22 14:44:17 EventType: out
2024-08-22T15:33:51.051Z error: Invalid employeeNoString, timestamp: 2024-08-08 01:17:17 EventType: in
2024-08-22T15:33:51.975Z error: Invalid employeeNoString, timestamp: 2024-08-22 14:44:17 EventType: out
2024-08-22T15:33:52.069Z error: Invalid employeeNoString, timestamp: 2024-08-08 01:17:17 EventType: in
2024-08-22T15:33:52.990Z error: Invalid employeeNoString, timestamp: 2024-08-22 14:44:17 EventType: out
2024-08-22T15:33:53.079Z error: Invalid employeeNoString, timestamp: 2024-08-08 01:17:17 EventType: in
2024-08-22T15:33:54.002Z error: Invalid employeeNoString, timestamp: 2024-08-22 14:44:17 EventType: out
2024-08-22T15:33:54.089Z error: Invalid employeeNoString, timestamp: 2024-08-08 01:17:17 EventType: in
2024-08-22T15:33:55.010Z error: Invalid employeeNoString, timestamp: 2024-08-22 14:44:17 EventType: out
2024-08-22T15:33:55.109Z error: Invalid employeeNoString, timestamp: 2024-08-08 01:17:17 EventType: in
2024-08-22T15:33:56.021Z error: Invalid employeeNoString, timestamp: 2024-08-22 14:44:17 EventType: out
2024-08-22T15:33:56.120Z error: Invalid employeeNoString, timestamp: 2024-08-08 01:17:17 EventType: in
2024-08-22T15:34:03.065Z error: Invalid employeeNoString, timestamp: 2024-08-22 14:44:17 EventType: out
2024-08-22T15:34:03.150Z error: Invalid employeeNoString, timestamp: 2024-08-08 01:17:17 EventType: in
2024-08-22T15:34:04.083Z error: Invalid employeeNoString, timestamp: 2024-08-22 14:44:17 EventType: out
2024-08-22T15:34:04.161Z error: Invalid employeeNoString, timestamp: 2024-08-08 01:17:17 EventType: in
2024-08-22T15:34:05.101Z error: Invalid employeeNoString, timestamp: 2024-08-22 14:44:17 EventType: out
2024-08-22T15:34:05.182Z error: Invalid employeeNoString, timestamp: 2024-08-08 01:17:17 EventType: in
2024-08-22T15:41:13.609Z error: Invalid employeeNoString, timestamp: 2024-08-22 14:44:17 EventType: out
2024-08-22T15:41:13.677Z error: Invalid employeeNoString, timestamp: 2024-08-08 01:17:17 EventType: in
2024-08-22T15:41:13.846Z error: Invalid employeeNoString, timestamp: 2024-08-22 14:44:22 EventType: out
2024-08-22T15:41:13.901Z error: Invalid employeeNoString, timestamp: 2024-08-08 01:17:22 EventType: in
2024-08-22T15:41:14.250Z info: User created:
2024-08-22T15:41:14.253Z info: Attendance created:
2024-08-22T15:41:14.387Z error: Invalid employeeNoString, timestamp: 2024-08-08 01:17:56 EventType: in
2024-08-22T15:41:14.624Z error: Invalid employeeNoString, timestamp: 2024-08-08 01:18:01 EventType: in
2024-08-22T15:41:14.948Z info: User created:
2024-08-22T15:41:14.950Z info: Attendance created:
2024-08-22T15:41:15.116Z error: Invalid employeeNoString, timestamp: 2024-08-08 01:18:26 EventType: in
2024-08-22T15:41:15.342Z error: Invalid employeeNoString, timestamp: 2024-08-08 01:18:31 EventType: in
2024-08-22T15:41:15.595Z info: Attendance created:
2024-08-22T15:41:15.822Z error: Invalid employeeNoString, timestamp: 2024-08-08 01:19:57 EventType: in
2024-08-22T15:41:16.076Z error: Invalid employeeNoString, timestamp: 2024-08-08 01:20:02 EventType: in
2024-08-22T15:41:16.382Z info: User created:
2024-08-22T15:41:16.384Z info: Attendance created:
2024-08-22T15:41:16.561Z error: Invalid employeeNoString, timestamp: 2024-08-08 01:23:40 EventType: in
2024-08-22T15:41:16.793Z error: Invalid employeeNoString, timestamp: 2024-08-08 01:23:45 EventType: in
2024-08-22T15:41:17.137Z info: User created:
2024-08-22T15:41:17.140Z info: Attendance created:
2024-08-22T15:41:17.313Z error: Invalid employeeNoString, timestamp: 2024-08-08 01:25:11 EventType: in
2024-08-22T15:41:17.621Z info: User created:
2024-08-22T15:41:17.623Z info: Attendance created:
2024-08-22T15:41:17.793Z error: Invalid employeeNoString, timestamp: 2024-08-08 01:25:19 EventType: in
2024-08-22T15:41:18.052Z info: Attendance created:
2024-08-22T15:41:18.370Z info: User created:
2024-08-22T15:41:18.372Z info: Attendance created:
2024-08-22T15:41:18.542Z error: Invalid employeeNoString, timestamp: 2024-08-08 01:25:28 EventType: in
2024-08-22T15:41:18.784Z error: Invalid employeeNoString, timestamp: 2024-08-08 01:25:33 EventType: in
2024-08-22T15:41:19.106Z info: User created:
2024-08-22T15:41:19.108Z info: Attendance created:
2024-08-22T15:41:19.285Z error: Invalid employeeNoString, timestamp: 2024-08-08 01:25:52 EventType: in
2024-08-22T15:41:19.536Z info: Attendance created:
2024-08-22T15:41:19.796Z info: Attendance created:
2024-08-22T15:41:20.022Z error: Invalid employeeNoString, timestamp: 2024-08-08 01:26:03 EventType: in
2024-08-22T15:41:20.320Z info: User created:
2024-08-22T15:41:20.323Z info: Attendance created:
2024-08-22T15:41:20.482Z error: Invalid employeeNoString, timestamp: 2024-08-08 01:28:39 EventType: in
2024-08-22T15:41:20.813Z info: User created:
2024-08-22T15:41:20.815Z info: Attendance created:
2024-08-22T15:41:20.982Z error: Invalid employeeNoString, timestamp: 2024-08-08 01:28:47 EventType: in
2024-08-22T15:41:21.291Z info: User created:
2024-08-22T15:41:21.294Z info: Attendance created:
2024-08-22T15:41:21.462Z error: Invalid employeeNoString, timestamp: 2024-08-08 01:29:50 EventType: in
2024-08-22T15:41:21.703Z error: Invalid employeeNoString, timestamp: 2024-08-08 01:29:55 EventType: in
2024-08-22T15:41:22.015Z info: User created:
2024-08-22T15:41:22.017Z info: Attendance created:
2024-08-22T15:41:22.193Z error: Invalid employeeNoString, timestamp: 2024-08-08 01:30:11 EventType: in
2024-08-22T15:41:22.422Z error: Invalid employeeNoString, timestamp: 2024-08-08 01:30:16 EventType: in
2024-08-22T15:41:22.653Z error: Invalid employeeNoString, timestamp: 2024-08-08 01:32:19 EventType: in
2024-08-22T15:41:22.883Z error: Invalid employeeNoString, timestamp: 2024-08-08 01:32:31 EventType: in
2024-08-22T15:41:23.135Z info: Attendance created:
2024-08-22T15:41:23.362Z error: Invalid employeeNoString, timestamp: 2024-08-08 01:32:37 EventType: in
2024-08-22T15:41:23.583Z error: Invalid employeeNoString, timestamp: 2024-08-08 01:32:42 EventType: in
2024-08-22T15:41:23.890Z info: User created:
2024-08-22T15:41:23.892Z info: Attendance created:
2024-08-22T15:41:24.063Z error: Invalid employeeNoString, timestamp: 2024-08-08 01:32:46 EventType: in
2024-08-22T15:41:24.291Z error: Invalid employeeNoString, timestamp: 2024-08-08 01:32:50 EventType: in
2024-08-22T15:41:24.521Z error: Invalid employeeNoString, timestamp: 2024-08-08 01:32:52 EventType: in
2024-08-22T15:41:24.833Z info: User created:
2024-08-22T15:41:24.836Z info: Attendance created:
2024-08-22T15:41:25.004Z error: Invalid employeeNoString, timestamp: 2024-08-08 01:34:57 EventType: in
2024-08-22T15:41:25.242Z error: Invalid employeeNoString, timestamp: 2024-08-08 01:35:02 EventType: in
2024-08-22T15:41:25.494Z info: Attendance created:
2024-08-22T15:41:25.721Z error: Invalid employeeNoString, timestamp: 2024-08-08 01:35:45 EventType: in
2024-08-22T15:41:25.953Z error: Invalid employeeNoString, timestamp: 2024-08-08 01:35:50 EventType: in
2024-08-22T15:41:26.273Z info: User created:
2024-08-22T15:41:26.276Z info: Attendance created:
2024-08-22T15:41:26.451Z error: Invalid employeeNoString, timestamp: 2024-08-08 01:41:27 EventType: in
2024-08-22T15:41:26.692Z error: Invalid employeeNoString, timestamp: 2024-08-08 01:41:32 EventType: in
2024-08-22T15:41:26.942Z info: Attendance created:
2024-08-22T15:41:27.171Z error: Invalid employeeNoString, timestamp: 2024-08-08 01:51:59 EventType: in
2024-08-22T15:41:27.562Z info: User created:
2024-08-22T15:41:27.564Z info: Attendance created:
2024-08-22T15:41:27.794Z error: Invalid employeeNoString, timestamp: 2024-08-08 01:52:07 EventType: in
2024-08-22T15:41:28.173Z info: User created:
2024-08-22T15:41:28.175Z info: Attendance created:
2024-08-22T15:41:28.411Z error: Invalid employeeNoString, timestamp: 2024-08-08 01:52:36 EventType: in
2024-08-22T15:41:28.651Z error: Invalid employeeNoString, timestamp: 2024-08-08 01:52:41 EventType: in
2024-08-22T15:41:28.971Z info: User created:
2024-08-22T15:41:28.973Z info: Attendance created:
2024-08-22T15:41:29.143Z error: Invalid employeeNoString, timestamp: 2024-08-08 01:56:53 EventType: in
2024-08-22T15:41:29.374Z error: Invalid employeeNoString, timestamp: 2024-08-08 01:56:58 EventType: in
2024-08-22T15:41:29.625Z info: Attendance created:
2024-08-22T15:41:29.862Z error: Invalid employeeNoString, timestamp: 2024-08-08 01:57:24 EventType: in
2024-08-22T15:41:30.092Z error: Invalid employeeNoString, timestamp: 2024-08-08 01:57:29 EventType: in
2024-08-22T15:41:30.398Z info: User created:
2024-08-22T15:41:30.400Z info: Attendance created:
2024-08-22T15:41:30.593Z error: Invalid employeeNoString, timestamp: 2024-08-08 01:58:40 EventType: in
2024-08-22T15:41:30.823Z error: Invalid employeeNoString, timestamp: 2024-08-08 01:58:45 EventType: in
2024-08-22T15:41:31.154Z info: User created:
2024-08-22T15:41:31.156Z info: Attendance created:
2024-08-22T15:41:31.322Z error: Invalid employeeNoString, timestamp: 2024-08-08 02:00:41 EventType: in
2024-08-22T15:41:31.551Z error: Invalid employeeNoString, timestamp: 2024-08-08 02:00:46 EventType: in
2024-08-22T15:41:31.869Z info: User created:
2024-08-22T15:41:31.871Z info: Attendance created:
2024-08-22T15:41:32.031Z error: Invalid employeeNoString, timestamp: 2024-08-08 02:10:37 EventType: in
2024-08-22T15:41:32.265Z error: Invalid employeeNoString, timestamp: 2024-08-08 02:10:42 EventType: in
2024-08-22T15:41:32.532Z info: Attendance created:
2024-08-22T15:41:32.753Z error: Invalid employeeNoString, timestamp: 2024-08-08 02:11:12 EventType: in
2024-08-22T15:41:32.991Z error: Invalid employeeNoString, timestamp: 2024-08-08 02:11:17 EventType: in
2024-08-22T15:41:33.302Z info: User created:
2024-08-22T15:41:33.304Z info: Attendance created:
2024-08-22T15:41:33.483Z error: Invalid employeeNoString, timestamp: 2024-08-08 02:19:59 EventType: in
2024-08-22T15:41:33.713Z error: Invalid employeeNoString, timestamp: 2024-08-08 02:20:04 EventType: in
2024-08-22T15:41:34.035Z info: User created:
2024-08-22T15:41:34.037Z info: Attendance created:
2024-08-22T15:41:34.223Z error: Invalid employeeNoString, timestamp: 2024-08-08 02:23:29 EventType: in
2024-08-22T15:41:34.451Z error: Invalid employeeNoString, timestamp: 2024-08-08 02:23:34 EventType: in
2024-08-22T15:41:34.692Z info: Attendance created:
2024-08-22T15:41:34.931Z error: Invalid employeeNoString, timestamp: 2024-08-08 02:24:19 EventType: in
2024-08-22T15:41:35.162Z error: Invalid employeeNoString, timestamp: 2024-08-08 02:24:24 EventType: in
2024-08-22T15:41:35.432Z info: Attendance created:
2024-08-22T15:41:35.664Z error: Invalid employeeNoString, timestamp: 2024-08-08 02:27:53 EventType: in
2024-08-22T15:41:35.892Z error: Invalid employeeNoString, timestamp: 2024-08-08 02:27:58 EventType: in
2024-08-22T15:41:36.112Z error: Invalid employeeNoString, timestamp: 2024-08-08 02:29:20 EventType: in
2024-08-22T15:41:36.344Z error: Invalid employeeNoString, timestamp: 2024-08-08 02:29:20 EventType: in
2024-08-22T15:41:36.584Z error: Invalid employeeNoString, timestamp: 2024-08-08 02:31:54 EventType: in
2024-08-22T15:41:36.826Z error: Invalid employeeNoString, timestamp: 2024-08-08 02:31:58 EventType: in
2024-08-22T15:41:37.064Z error: Invalid employeeNoString, timestamp: 2024-08-08 02:32:00 EventType: in
2024-08-22T15:41:37.291Z error: Invalid employeeNoString, timestamp: 2024-08-08 02:32:52 EventType: in
2024-08-22T15:41:37.598Z info: User created:
2024-08-22T15:41:37.600Z info: Attendance created:
2024-08-22T15:41:37.771Z error: Invalid employeeNoString, timestamp: 2024-08-08 02:46:01 EventType: in
2024-08-22T15:41:37.991Z error: Invalid employeeNoString, timestamp: 2024-08-08 02:46:06 EventType: in
2024-08-22T15:41:38.264Z info: Attendance created:
2024-08-22T15:41:38.491Z error: Invalid employeeNoString, timestamp: 2024-08-08 02:47:37 EventType: in
2024-08-22T15:41:38.714Z error: Invalid employeeNoString, timestamp: 2024-08-08 02:47:42 EventType: in
2024-08-22T15:41:38.975Z info: Attendance created:
2024-08-22T15:41:39.191Z error: Invalid employeeNoString, timestamp: 2024-08-08 03:13:20 EventType: in
2024-08-22T15:41:39.431Z error: Invalid employeeNoString, timestamp: 2024-08-08 03:13:25 EventType: in
2024-08-22T15:41:39.746Z info: User created:
2024-08-22T15:41:39.748Z info: Attendance created:
2024-08-22T15:41:39.911Z error: Invalid employeeNoString, timestamp: 2024-08-08 03:14:18 EventType: in
2024-08-22T15:41:40.144Z error: Invalid employeeNoString, timestamp: 2024-08-08 03:14:23 EventType: in
2024-08-22T15:41:40.389Z info: Attendance created:
2024-08-22T15:41:40.612Z error: Invalid employeeNoString, timestamp: 2024-08-08 03:14:37 EventType: in
2024-08-22T15:41:40.842Z error: Invalid employeeNoString, timestamp: 2024-08-08 03:14:42 EventType: in
2024-08-22T15:41:41.094Z info: Attendance created:
2024-08-22T15:41:41.312Z error: Invalid employeeNoString, timestamp: 2024-08-08 03:15:00 EventType: in
2024-08-22T15:41:41.543Z error: Invalid employeeNoString, timestamp: 2024-08-08 03:15:05 EventType: in
2024-08-22T15:41:41.850Z info: User created:
2024-08-22T15:41:41.852Z info: Attendance created:
2024-08-22T15:41:42.024Z error: Invalid employeeNoString, timestamp: 2024-08-08 03:16:11 EventType: in
2024-08-22T15:41:42.251Z error: Invalid employeeNoString, timestamp: 2024-08-08 03:16:16 EventType: in
2024-08-22T15:41:42.552Z info: User created:
2024-08-22T15:41:42.554Z info: Attendance created:
2024-08-22T15:41:42.730Z error: Invalid employeeNoString, timestamp: 2024-08-08 03:19:48 EventType: in
2024-08-22T15:41:42.971Z error: Invalid employeeNoString, timestamp: 2024-08-08 03:19:53 EventType: in
2024-08-22T15:41:43.225Z info: Attendance created:
2024-08-22T15:41:43.464Z error: Invalid employeeNoString, timestamp: 2024-08-08 03:21:55 EventType: in
2024-08-22T15:41:43.706Z error: Invalid employeeNoString, timestamp: 2024-08-08 03:22:00 EventType: in
2024-08-22T15:41:43.974Z info: Attendance created:
2024-08-22T15:41:44.192Z error: Invalid employeeNoString, timestamp: 2024-08-08 03:25:17 EventType: in
2024-08-22T15:41:44.426Z error: Invalid employeeNoString, timestamp: 2024-08-08 03:25:22 EventType: in
2024-08-22T15:41:44.664Z error: Invalid employeeNoString, timestamp: 2024-08-08 03:32:52 EventType: in
2024-08-22T15:41:44.973Z info: User created:
2024-08-22T15:41:44.975Z info: Attendance created:
2024-08-22T15:41:45.164Z info: Attendance created:
2024-08-22T15:41:45.384Z error: Invalid employeeNoString, timestamp: 2024-08-08 03:34:17 EventType: in
2024-08-22T15:41:45.612Z error: Invalid employeeNoString, timestamp: 2024-08-08 03:34:22 EventType: in
2024-08-22T15:41:45.871Z info: Attendance created:
2024-08-22T15:41:46.092Z error: Invalid employeeNoString, timestamp: 2024-08-08 03:35:27 EventType: in
2024-08-22T15:41:46.314Z error: Invalid employeeNoString, timestamp: 2024-08-08 03:35:32 EventType: in
2024-08-22T15:41:46.568Z info: Attendance created:
2024-08-22T15:41:46.792Z error: Invalid employeeNoString, timestamp: 2024-08-08 03:35:42 EventType: in
2024-08-22T15:41:47.024Z error: Invalid employeeNoString, timestamp: 2024-08-08 03:35:47 EventType: in
2024-08-22T15:41:47.279Z info: Attendance created:
2024-08-22T15:41:47.504Z error: Invalid employeeNoString, timestamp: 2024-08-08 03:42:49 EventType: in
2024-08-22T15:41:47.732Z error: Invalid employeeNoString, timestamp: 2024-08-08 03:42:54 EventType: in
2024-08-22T15:41:47.978Z info: Attendance created:
2024-08-22T15:41:48.212Z error: Invalid employeeNoString, timestamp: 2024-08-08 03:50:10 EventType: in
2024-08-22T15:41:48.443Z error: Invalid employeeNoString, timestamp: 2024-08-08 03:50:15 EventType: in
2024-08-22T15:41:48.719Z info: Attendance created:
2024-08-22T15:41:48.952Z error: Invalid employeeNoString, timestamp: 2024-08-08 03:56:29 EventType: in
2024-08-22T15:41:49.184Z error: Invalid employeeNoString, timestamp: 2024-08-08 03:56:34 EventType: in
2024-08-22T15:41:49.436Z info: Attendance created:
2024-08-22T15:41:49.665Z error: Invalid employeeNoString, timestamp: 2024-08-08 04:14:45 EventType: in
2024-08-22T15:41:49.892Z error: Invalid employeeNoString, timestamp: 2024-08-08 04:14:50 EventType: in
2024-08-22T15:41:50.195Z info: User created:
2024-08-22T15:41:50.197Z info: Attendance created:
2024-08-22T15:41:50.373Z error: Invalid employeeNoString, timestamp: 2024-08-08 04:15:59 EventType: in
2024-08-22T15:41:50.592Z error: Invalid employeeNoString, timestamp: 2024-08-08 04:16:04 EventType: in
2024-08-22T15:41:50.851Z info: Attendance created:
2024-08-22T15:41:51.072Z error: Invalid employeeNoString, timestamp: 2024-08-08 04:17:08 EventType: in
2024-08-22T15:41:51.312Z error: Invalid employeeNoString, timestamp: 2024-08-08 04:17:13 EventType: in
2024-08-22T15:41:51.564Z info: Attendance created:
2024-08-22T15:41:51.792Z error: Invalid employeeNoString, timestamp: 2024-08-08 04:23:40 EventType: in
2024-08-22T15:41:52.026Z error: Invalid employeeNoString, timestamp: 2024-08-08 04:23:45 EventType: in
2024-08-22T15:41:52.276Z info: Attendance created:
2024-08-22T15:41:52.504Z error: Invalid employeeNoString, timestamp: 2024-08-08 04:31:37 EventType: in
2024-08-22T15:41:52.732Z error: Invalid employeeNoString, timestamp: 2024-08-08 04:31:42 EventType: in
2024-08-22T15:41:52.952Z error: Invalid employeeNoString, timestamp: 2024-08-08 04:32:53 EventType: in
2024-08-22T15:41:53.209Z info: Attendance created:
2024-08-22T15:41:53.432Z error: Invalid employeeNoString, timestamp: 2024-08-08 04:33:36 EventType: in
2024-08-22T15:41:53.665Z error: Invalid employeeNoString, timestamp: 2024-08-08 04:33:41 EventType: in
2024-08-22T15:41:53.912Z info: Attendance created:
2024-08-22T15:41:54.146Z error: Invalid employeeNoString, timestamp: 2024-08-08 04:33:43 EventType: in
2024-08-22T15:41:54.373Z error: Invalid employeeNoString, timestamp: 2024-08-08 04:33:48 EventType: in
2024-08-22T15:41:54.615Z info: Attendance created:
2024-08-22T15:41:54.859Z error: Invalid employeeNoString, timestamp: 2024-08-08 04:46:01 EventType: in
2024-08-22T15:41:55.111Z error: Invalid employeeNoString, timestamp: 2024-08-08 04:46:06 EventType: in
2024-08-22T15:41:55.364Z error: Invalid employeeNoString, timestamp: 2024-08-08 04:59:18 EventType: in
2024-08-22T15:41:55.617Z info: Attendance created:
2024-08-22T15:41:55.833Z error: Invalid employeeNoString, timestamp: 2024-08-08 05:00:43 EventType: in
2024-08-22T15:41:56.065Z error: Invalid employeeNoString, timestamp: 2024-08-08 05:00:48 EventType: in
2024-08-22T15:41:56.331Z info: Attendance created:
2024-08-22T15:41:56.552Z error: Invalid employeeNoString, timestamp: 2024-08-08 05:02:22 EventType: in
2024-08-22T15:41:56.792Z error: Invalid employeeNoString, timestamp: 2024-08-08 05:02:27 EventType: in
2024-08-22T15:41:57.045Z info: Attendance created:
2024-08-22T15:41:57.272Z error: Invalid employeeNoString, timestamp: 2024-08-08 05:04:58 EventType: in
2024-08-22T15:41:57.506Z error: Invalid employeeNoString, timestamp: 2024-08-08 05:05:03 EventType: in
2024-08-22T15:41:57.834Z info: User created:
2024-08-22T15:41:57.837Z info: Attendance created:
2024-08-22T15:41:58.011Z error: Invalid employeeNoString, timestamp: 2024-08-08 05:27:43 EventType: in
2024-08-22T15:41:58.243Z error: Invalid employeeNoString, timestamp: 2024-08-08 05:27:48 EventType: in
2024-08-22T15:41:58.505Z info: Attendance created:
2024-08-22T15:41:58.733Z error: Invalid employeeNoString, timestamp: 2024-08-08 05:28:40 EventType: in
2024-08-22T15:41:58.953Z error: Invalid employeeNoString, timestamp: 2024-08-08 05:28:45 EventType: in
2024-08-22T15:41:59.225Z info: Attendance created:
2024-08-22T15:41:59.462Z error: Invalid employeeNoString, timestamp: 2024-08-08 05:30:25 EventType: in
2024-08-22T15:41:59.693Z error: Invalid employeeNoString, timestamp: 2024-08-08 05:30:30 EventType: in
2024-08-22T15:41:59.947Z info: Attendance created:
2024-08-22T15:42:00.173Z error: Invalid employeeNoString, timestamp: 2024-08-08 05:30:41 EventType: in
2024-08-22T15:42:00.392Z error: Invalid employeeNoString, timestamp: 2024-08-08 05:30:46 EventType: in
2024-08-22T15:42:00.655Z error: Invalid employeeNoString, timestamp: 2024-08-08 05:32:18 EventType: in
2024-08-22T15:42:00.891Z error: Invalid employeeNoString, timestamp: 2024-08-08 05:32:53 EventType: in
2024-08-22T15:42:01.156Z info: Attendance created:
2024-08-22T15:42:01.382Z error: Invalid employeeNoString, timestamp: 2024-08-08 05:40:55 EventType: in
2024-08-22T15:42:01.612Z error: Invalid employeeNoString, timestamp: 2024-08-08 05:41:00 EventType: in
2024-08-22T15:42:01.884Z info: Attendance created:
2024-08-22T15:42:02.106Z error: Invalid employeeNoString, timestamp: 2024-08-08 05:49:32 EventType: in
2024-08-22T15:42:02.343Z error: Invalid employeeNoString, timestamp: 2024-08-08 05:49:37 EventType: in
2024-08-22T15:42:02.591Z error: Invalid employeeNoString, timestamp: 2024-08-08 05:50:19 EventType: in
2024-08-22T15:42:02.848Z info: Attendance created:
2024-08-22T15:42:03.073Z error: Invalid employeeNoString, timestamp: 2024-08-08 05:52:32 EventType: in
2024-08-22T15:42:03.302Z error: Invalid employeeNoString, timestamp: 2024-08-08 05:52:37 EventType: in
2024-08-22T15:42:03.555Z info: Attendance created:
2024-08-22T15:42:03.782Z error: Invalid employeeNoString, timestamp: 2024-08-08 05:53:51 EventType: in
2024-08-22T15:42:04.012Z error: Invalid employeeNoString, timestamp: 2024-08-08 05:53:56 EventType: in
2024-08-22T15:42:04.286Z info: Attendance created:
2024-08-22T15:42:04.502Z error: Invalid employeeNoString, timestamp: 2024-08-08 05:55:42 EventType: in
2024-08-22T15:42:04.742Z error: Invalid employeeNoString, timestamp: 2024-08-08 05:55:47 EventType: in
2024-08-22T15:42:04.998Z info: Attendance created:
2024-08-22T15:42:05.222Z error: Invalid employeeNoString, timestamp: 2024-08-08 05:56:09 EventType: in
2024-08-22T15:42:05.453Z error: Invalid employeeNoString, timestamp: 2024-08-08 05:56:14 EventType: in
2024-08-22T15:42:05.698Z info: Attendance created:
2024-08-22T15:42:05.925Z error: Invalid employeeNoString, timestamp: 2024-08-08 05:57:27 EventType: in
2024-08-22T15:42:06.153Z error: Invalid employeeNoString, timestamp: 2024-08-08 05:57:32 EventType: in
2024-08-22T15:42:06.411Z info: Attendance created:
2024-08-22T15:42:06.632Z error: Invalid employeeNoString, timestamp: 2024-08-08 05:58:03 EventType: in
2024-08-22T15:42:06.875Z error: Invalid employeeNoString, timestamp: 2024-08-08 05:58:08 EventType: in
2024-08-22T15:42:07.200Z info: User created:
2024-08-22T15:42:07.203Z info: Attendance created:
2024-08-22T15:42:07.372Z error: Invalid employeeNoString, timestamp: 2024-08-08 05:59:19 EventType: in
2024-08-22T15:42:07.593Z error: Invalid employeeNoString, timestamp: 2024-08-08 05:59:24 EventType: in
2024-08-22T15:42:07.906Z info: User created:
2024-08-22T15:42:07.909Z info: Attendance created:
2024-08-22T15:42:08.073Z error: Invalid employeeNoString, timestamp: 2024-08-08 06:03:38 EventType: in
2024-08-22T15:42:08.303Z error: Invalid employeeNoString, timestamp: 2024-08-08 06:03:43 EventType: in
2024-08-22T15:42:08.557Z info: Attendance created:
2024-08-22T15:42:08.786Z error: Invalid employeeNoString, timestamp: 2024-08-08 06:05:04 EventType: in
2024-08-22T15:42:09.012Z error: Invalid employeeNoString, timestamp: 2024-08-08 06:05:09 EventType: in
2024-08-22T15:42:09.282Z info: Attendance created:
2024-08-22T15:42:09.535Z error: Invalid employeeNoString, timestamp: 2024-08-08 06:07:04 EventType: in
2024-08-22T15:42:09.764Z error: Invalid employeeNoString, timestamp: 2024-08-08 06:07:09 EventType: in
2024-08-22T15:42:09.993Z error: Invalid employeeNoString, timestamp: 2024-08-08 06:08:04 EventType: in
2024-08-22T15:42:10.222Z error: Invalid employeeNoString, timestamp: 2024-08-08 06:08:10 EventType: in
2024-08-22T15:42:10.472Z error: Invalid employeeNoString, timestamp: 2024-08-08 06:08:27 EventType: in
2024-08-22T15:42:10.702Z error: Invalid employeeNoString, timestamp: 2024-08-08 06:08:36 EventType: in
2024-08-22T15:42:10.958Z info: Attendance created:
2024-08-22T15:42:11.194Z error: Invalid employeeNoString, timestamp: 2024-08-08 06:10:24 EventType: in
2024-08-22T15:42:11.444Z error: Invalid employeeNoString, timestamp: 2024-08-08 06:10:29 EventType: in
2024-08-22T15:42:11.704Z info: Attendance created:
2024-08-22T15:42:11.924Z error: Invalid employeeNoString, timestamp: 2024-08-08 06:28:42 EventType: in
2024-08-22T15:42:12.153Z error: Invalid employeeNoString, timestamp: 2024-08-08 06:28:47 EventType: in
2024-08-22T15:42:12.393Z error: Invalid employeeNoString, timestamp: 2024-08-08 06:32:56 EventType: in
2024-08-22T15:42:12.663Z info: Attendance created:
2024-08-22T15:42:12.893Z error: Invalid employeeNoString, timestamp: 2024-08-08 06:35:09 EventType: in
2024-08-22T15:42:13.124Z error: Invalid employeeNoString, timestamp: 2024-08-08 06:35:14 EventType: in
2024-08-22T15:42:13.381Z info: Attendance created:
2024-08-22T15:42:13.620Z error: Invalid employeeNoString, timestamp: 2024-08-08 06:36:44 EventType: in
2024-08-22T15:42:13.853Z error: Invalid employeeNoString, timestamp: 2024-08-08 06:36:49 EventType: in
2024-08-22T15:42:14.137Z info: Attendance created:
2024-08-22T15:42:14.364Z error: Invalid employeeNoString, timestamp: 2024-08-08 06:37:50 EventType: in
2024-08-22T15:42:14.593Z error: Invalid employeeNoString, timestamp: 2024-08-08 06:37:55 EventType: in
2024-08-22T15:42:14.859Z info: Attendance created:
2024-08-22T15:42:15.113Z error: Invalid employeeNoString, timestamp: 2024-08-08 06:58:22 EventType: in
2024-08-22T15:42:15.405Z error: Invalid employeeNoString, timestamp: 2024-08-08 06:58:27 EventType: in
2024-08-22T15:42:15.742Z info: Attendance created:
2024-08-22T15:42:16.044Z error: Invalid employeeNoString, timestamp: 2024-08-08 07:08:20 EventType: in
2024-08-22T15:42:16.273Z error: Invalid employeeNoString, timestamp: 2024-08-08 07:08:25 EventType: in
2024-08-22T15:42:16.526Z info: Attendance created:
2024-08-22T15:42:16.752Z error: Invalid employeeNoString, timestamp: 2024-08-08 07:24:55 EventType: in
2024-08-22T15:42:16.993Z error: Invalid employeeNoString, timestamp: 2024-08-08 07:25:00 EventType: in
2024-08-22T15:42:17.246Z info: Attendance created:
2024-08-22T15:42:17.473Z error: Invalid employeeNoString, timestamp: 2024-08-08 07:30:07 EventType: in
2024-08-22T15:42:17.703Z error: Invalid employeeNoString, timestamp: 2024-08-08 07:30:12 EventType: in
2024-08-22T15:42:17.943Z error: Invalid employeeNoString, timestamp: 2024-08-08 07:32:55 EventType: in
2024-08-22T15:42:18.200Z info: Attendance created:
2024-08-22T15:42:18.429Z error: Invalid employeeNoString, timestamp: 2024-08-08 07:41:44 EventType: in
2024-08-22T15:42:18.653Z error: Invalid employeeNoString, timestamp: 2024-08-08 07:41:49 EventType: in
2024-08-22T15:42:18.900Z info: Attendance created:
2024-08-22T15:42:19.141Z error: Invalid employeeNoString, timestamp: 2024-08-08 07:43:46 EventType: in
2024-08-22T15:42:19.373Z error: Invalid employeeNoString, timestamp: 2024-08-08 07:43:51 EventType: in
2024-08-22T15:42:19.660Z info: Attendance created:
2024-08-22T15:42:19.892Z error: Invalid employeeNoString, timestamp: 2024-08-08 07:58:56 EventType: in
2024-08-22T15:42:20.158Z info: Attendance created:
2024-08-22T15:42:20.413Z error: Invalid employeeNoString, timestamp: 2024-08-08 07:59:05 EventType: in
2024-08-22T15:42:20.670Z info: Attendance created:
2024-08-22T15:42:20.893Z error: Invalid employeeNoString, timestamp: 2024-08-08 07:59:11 EventType: in
2024-08-22T15:42:21.124Z error: Invalid employeeNoString, timestamp: 2024-08-08 07:59:16 EventType: in
2024-08-22T15:42:21.383Z info: Attendance created:
2024-08-22T15:42:21.605Z error: Invalid employeeNoString, timestamp: 2024-08-08 08:00:47 EventType: in
2024-08-22T15:42:21.848Z error: Invalid employeeNoString, timestamp: 2024-08-08 08:00:52 EventType: in
2024-08-22T15:42:22.120Z info: Attendance created:
2024-08-22T15:42:22.353Z error: Invalid employeeNoString, timestamp: 2024-08-08 08:09:11 EventType: in
2024-08-22T15:42:22.583Z error: Invalid employeeNoString, timestamp: 2024-08-08 08:09:16 EventType: in
2024-08-22T15:42:22.835Z info: Attendance created:
2024-08-22T15:42:23.064Z error: Invalid employeeNoString, timestamp: 2024-08-08 08:10:26 EventType: in
2024-08-22T15:42:23.293Z error: Invalid employeeNoString, timestamp: 2024-08-08 08:10:31 EventType: in
2024-08-22T15:42:23.551Z info: Attendance created:
2024-08-22T15:42:23.773Z error: Invalid employeeNoString, timestamp: 2024-08-08 08:10:58 EventType: in
2024-08-22T15:42:24.005Z error: Invalid employeeNoString, timestamp: 2024-08-08 08:11:03 EventType: in
2024-08-22T15:42:24.233Z error: Invalid employeeNoString, timestamp: 2024-08-08 08:32:55 EventType: in
2024-08-22T15:42:24.487Z info: Attendance created:
2024-08-22T15:42:24.713Z error: Invalid employeeNoString, timestamp: 2024-08-08 08:46:22 EventType: in
2024-08-22T15:42:24.965Z error: Invalid employeeNoString, timestamp: 2024-08-08 08:46:27 EventType: in
2024-08-22T15:42:25.232Z info: Attendance created:
2024-08-22T15:42:25.453Z error: Invalid employeeNoString, timestamp: 2024-08-08 08:52:44 EventType: in
2024-08-22T15:42:25.674Z error: Invalid employeeNoString, timestamp: 2024-08-08 08:52:49 EventType: in
